<?xml version="1.0" encoding="UTF-8"?>
<testsuite name="toto.spring.service.MemberServiceTest" tests="1" skipped="0" failures="0" errors="0" timestamp="2024-01-30T13:49:22" hostname="DESKTOP-EO0N7CH" time="0.014">
  <properties/>
  <testcase name="중회예()" classname="toto.spring.service.MemberServiceTest" time="0.014"/>
  <system-out><![CDATA[]]></system-out>
  <system-err><![CDATA[]]></system-err>
</testsuite>
